<?xml version="1.0" encoding="UTF-8"?>
<!-- Generated by org.testng.reporters.JUnitReportReporter -->
<testsuite skipped="0" hostname="DESKTOP-MEGCP4U" name="Resubmit_IN_main.CreateRequest_IN" tests="10" failures="0" timestamp="19 Jan 2022 12:49:59 GMT" time="120.078" errors="0">
  <testcase name="skill_Req" time="1.732" classname="Resubmit_IN_main.CreateRequest_IN"/>
  <testcase name="select_jrss" time="5.143" classname="Resubmit_IN_main.CreateRequest_IN"/>
  <testcase name="req_detail" time="14.300" classname="Resubmit_IN_main.CreateRequest_IN"/>
  <testcase name="supp" time="21.194" classname="Resubmit_IN_main.CreateRequest_IN"/>
  <testcase name="RIPC_Login" time="55.360" classname="Resubmit_IN_main.CreateRequest_IN"/>
  <testcase name="select_Req" time="7.290" classname="Resubmit_IN_main.CreateRequest_IN"/>
  <testcase name="alert_check" time="0.013" classname="Resubmit_IN_main.CreateRequest_IN"/>
  <testcase name="Create_Req" time="2.680" classname="Resubmit_IN_main.CreateRequest_IN"/>
  <testcase name="skill_price" time="4.765" classname="Resubmit_IN_main.CreateRequest_IN"/>
  <testcase name="skill_loc" time="7.601" classname="Resubmit_IN_main.CreateRequest_IN"/>
</testsuite> <!-- Resubmit_IN_main.CreateRequest_IN -->
