<?xml version="1.0" encoding="UTF-8"?>
<!-- Generated by org.testng.reporters.JUnitReportReporter -->
<testsuite skipped="0" hostname="DESKTOP-MEGCP4U" name="Resubmit_IN_main.ResubmitRequest_IN" tests="3" failures="0" timestamp="19 Jan 2022 13:03:52 GMT" time="109.958" errors="0">
  <testcase name="RIPC_Login" time="56.338" classname="Resubmit_IN_main.ResubmitRequest_IN"/>
  <testcase name="modifyRequestInfo" time="40.219" classname="Resubmit_IN_main.ResubmitRequest_IN"/>
  <testcase name="modifyRequestdetails" time="13.401" classname="Resubmit_IN_main.ResubmitRequest_IN"/>
</testsuite> <!-- Resubmit_IN_main.ResubmitRequest_IN -->
