<?xml version="1.0" encoding="UTF-8"?>
<!-- Generated by org.testng.reporters.JUnitReportReporter -->
<testsuite skipped="0" hostname="DESKTOP-MEGCP4U" name="Resubmit_US_main.CreateRequest" tests="10" failures="0" timestamp="19 Jan 2022 11:58:28 GMT" time="94.801" errors="0">
  <testcase name="Create_Req" time="1.117" classname="Resubmit_US_main.CreateRequest"/>
  <testcase name="req_detail" time="13.585" classname="Resubmit_US_main.CreateRequest"/>
  <testcase name="skill_Req" time="2.066" classname="Resubmit_US_main.CreateRequest"/>
  <testcase name="alert_check" time="0.021" classname="Resubmit_US_main.CreateRequest"/>
  <testcase name="supp" time="25.170" classname="Resubmit_US_main.CreateRequest"/>
  <testcase name="RIPC_Login" time="20.831" classname="Resubmit_US_main.CreateRequest"/>
  <testcase name="skill_price" time="9.383" classname="Resubmit_US_main.CreateRequest"/>
  <testcase name="select_Req" time="8.181" classname="Resubmit_US_main.CreateRequest"/>
  <testcase name="select_jrss" time="4.845" classname="Resubmit_US_main.CreateRequest"/>
  <testcase name="skill_loc" time="9.602" classname="Resubmit_US_main.CreateRequest"/>
</testsuite> <!-- Resubmit_US_main.CreateRequest -->
