<?xml version="1.0" encoding="UTF-8"?>
<!-- Generated by org.testng.reporters.JUnitReportReporter -->
<testsuite skipped="0" hostname="DESKTOP-MEGCP4U" name="Resubmit_GB_main.CreateRequest_GB" tests="10" failures="0" timestamp="19 Jan 2022 09:40:03 GMT" time="135.645" errors="0">
  <testcase name="skill_loc" time="9.751" classname="Resubmit_GB_main.CreateRequest_GB"/>
  <testcase name="skill_Req" time="1.846" classname="Resubmit_GB_main.CreateRequest_GB"/>
  <testcase name="alert_check" time="0.022" classname="Resubmit_GB_main.CreateRequest_GB"/>
  <testcase name="req_detail" time="15.189" classname="Resubmit_GB_main.CreateRequest_GB"/>
  <testcase name="skill_price" time="9.562" classname="Resubmit_GB_main.CreateRequest_GB"/>
  <testcase name="supp" time="25.783" classname="Resubmit_GB_main.CreateRequest_GB"/>
  <testcase name="RIPC_Login" time="56.487" classname="Resubmit_GB_main.CreateRequest_GB"/>
  <testcase name="select_jrss" time="4.469" classname="Resubmit_GB_main.CreateRequest_GB"/>
  <testcase name="select_Req" time="9.868" classname="Resubmit_GB_main.CreateRequest_GB"/>
  <testcase name="Create_Req" time="2.668" classname="Resubmit_GB_main.CreateRequest_GB"/>
</testsuite> <!-- Resubmit_GB_main.CreateRequest_GB -->
