<?xml version="1.0" encoding="UTF-8"?>
<!-- Generated by org.testng.reporters.JUnitReportReporter -->
<testsuite skipped="0" hostname="DESKTOP-MEGCP4U" name="Resubmit_US_main.ResubmitRequest" tests="2" failures="0" timestamp="19 Jan 2022 12:26:17 GMT" time="51.433" errors="0">
  <testcase name="RIPC_Login" time="21.848" classname="Resubmit_US_main.ResubmitRequest"/>
  <testcase name="modifyRequestInfo" time="29.585" classname="Resubmit_US_main.ResubmitRequest"/>
</testsuite> <!-- Resubmit_US_main.ResubmitRequest -->
