<?xml version="1.0" encoding="UTF-8"?>
<!-- Generated by org.testng.reporters.JUnitReportReporter -->
<testsuite skipped="0" hostname="DESKTOP-MEGCP4U" name="Resubmit_GB_main.ResubmitRequest_GB" tests="3" failures="0" timestamp="19 Jan 2022 12:42:50 GMT" time="110.339" errors="0">
  <testcase name="modifyRequestInfo" time="33.330" classname="Resubmit_GB_main.ResubmitRequest_GB"/>
  <testcase name="RIPC_Login" time="55.824" classname="Resubmit_GB_main.ResubmitRequest_GB"/>
  <testcase name="modifyRequestdetails" time="21.185" classname="Resubmit_GB_main.ResubmitRequest_GB"/>
</testsuite> <!-- Resubmit_GB_main.ResubmitRequest_GB -->
